<?xml version="1.0" encoding="UTF-8"?>
<!-- Generated by org.testng.reporters.JUnitXMLReporter -->
<testsuite hostname="SeleniumGeek" ignored="0" name="Default test" tests="3" failures="0" timestamp="31 Mar 2019 04:59:30 GMT" time="0.135" errors="0">
  <testcase name="testCase2" time="0.015" classname="com.demo.testNG.Random.TestNGFlow"/>
  <testcase name="testCase1" time="0.008" classname="com.demo.testNG.Random.TestNGFlow"/>
  <testcase name="testCase1" time="0.007" classname="com.demo.testNG.Random.TestNGFlow"/>
</testsuite> <!-- Default test -->
