<?xml version="1.0" encoding="UTF-8"?>
<!-- Generated by org.testng.reporters.JUnitXMLReporter -->
<testsuite hostname="INDHYDELP029" ignored="21" name="Chrome" tests="1" failures="0" timestamp="09 Apr 2018 12:18:24 GMT" time="8.48" errors="0">
  <testcase name="testNG" time="8.447" classname="com.demo.testNG.AssertVsVerify.AssertVsVerify"/>
  <testcase name="thisTestShouldFail" time="0.0" classname="com.demo.testNG.Random.TimeOutInTestNG">
    <ignored/>
  </testcase> <!-- thisTestShouldFail -->
  <testcase name="login" time="0.0" classname="com.demo.testNG.DP.DataProviderWithIterator">
    <ignored/>
  </testcase> <!-- login -->
  <testcase name="testCase2" time="0.0" classname="com.demo.testNG.Random.TestNGFlow">
    <ignored/>
  </testcase> <!-- testCase2 -->
  <testcase name="testCase1" time="0.0" classname="com.demo.testNG.Random.TestNGFlow">
    <ignored/>
  </testcase> <!-- testCase1 -->
  <testcase name="f" time="0.0" classname="com.demo.testNG.DP.DataProviderWithExcel">
    <ignored/>
  </testcase> <!-- f -->
  <testcase name="method1" time="0.0" classname="com.demo.testNG.Random.GroupsInTestNG">
    <ignored/>
  </testcase> <!-- method1 -->
  <testcase name="method4" time="0.0" classname="com.demo.testNG.Random.GroupsInTestNG">
    <ignored/>
  </testcase> <!-- method4 -->
  <testcase name="test" time="0.0" classname="com.demo.testNG.DP.DataProviderSimple">
    <ignored/>
  </testcase> <!-- test -->
  <testcase name="method3" time="0.0" classname="com.demo.testNG.Random.GroupsInTestNG">
    <ignored/>
  </testcase> <!-- method3 -->
  <testcase name="method5" time="0.0" classname="com.demo.testNG.Random.GroupsInTestNG">
    <ignored/>
  </testcase> <!-- method5 -->
  <testcase name="falseEnabled" time="0.0" classname="com.demo.testNG.Random.SkipTestCase">
    <ignored/>
  </testcase> <!-- falseEnabled -->
  <testcase name="runMultipleTimes" time="0.0" classname="com.demo.testNG.Random.MultipleTimeRunTestNG">
    <ignored/>
  </testcase> <!-- runMultipleTimes -->
  <testcase name="method2" time="0.0" classname="com.demo.testNG.Random.GroupsInTestNG">
    <ignored/>
  </testcase> <!-- method2 -->
  <testcase name="chromeTest" time="0.0" classname="com.demo.testNG.Random.ParallelExecutionInTestNG">
    <ignored/>
  </testcase> <!-- chromeTest -->
  <testcase name="trueEnabled" time="0.0" classname="com.demo.testNG.Random.SkipTestCase">
    <ignored/>
  </testcase> <!-- trueEnabled -->
  <testcase name="mozillaTest" time="0.0" classname="com.demo.testNG.Random.ParallelExecutionInTestNG">
    <ignored/>
  </testcase> <!-- mozillaTest -->
  <testcase name="withException" time="0.0" classname="com.demo.testNG.Random.RunTimeExceptionInTestNG">
    <ignored/>
  </testcase> <!-- withException -->
  <testcase name="defaultEnabled" time="0.0" classname="com.demo.testNG.Random.SkipTestCase">
    <ignored/>
  </testcase> <!-- defaultEnabled -->
  <testcase name="thisTestShouldPass" time="0.0" classname="com.demo.testNG.Random.TimeOutInTestNG">
    <ignored/>
  </testcase> <!-- thisTestShouldPass -->
  <testcase name="withoutException" time="0.0" classname="com.demo.testNG.Random.RunTimeExceptionInTestNG">
    <ignored/>
  </testcase> <!-- withoutException -->
  <testcase name="parameters" time="0.0" classname="com.demo.testNG.parameters.ParametersInTestNG">
    <ignored/>
  </testcase> <!-- parameters -->
</testsuite> <!-- Chrome -->
